<?xml version="1.0" encoding="UTF-8"?>
<testsuite xmlns:xsi="http://www.w3.org/2001/XMLSchema-instance" xsi:noNamespaceSchemaLocation="https://maven.apache.org/surefire/maven-surefire-plugin/xsd/surefire-test-report-3.0.xsd" version="3.0" name="com.test.TestRunner" time="25.411" tests="4" errors="0" skipped="0" failures="0">
  <properties>
    <property name="java.specification.version" value="17"/>
    <property name="sun.cpu.isalist" value="amd64"/>
    <property name="sun.jnu.encoding" value="Cp1252"/>
    <property name="java.class.path" value="C:\Users\Administrator\eclipse-workspace\NewMavenProject\target\test-classes;C:\Users\Administrator\eclipse-workspace\NewMavenProject\target\classes;C:\Users\Administrator\.m2\repository\io\cucumber\cucumber-java\7.12.0\cucumber-java-7.12.0.jar;C:\Users\Administrator\.m2\repository\io\cucumber\cucumber-core\7.12.0\cucumber-core-7.12.0.jar;C:\Users\Administrator\.m2\repository\io\cucumber\cucumber-gherkin\7.12.0\cucumber-gherkin-7.12.0.jar;C:\Users\Administrator\.m2\repository\io\cucumber\cucumber-gherkin-messages\7.12.0\cucumber-gherkin-messages-7.12.0.jar;C:\Users\Administrator\.m2\repository\io\cucumber\gherkin\26.2.0\gherkin-26.2.0.jar;C:\Users\Administrator\.m2\repository\io\cucumber\messages\22.0.0\messages-22.0.0.jar;C:\Users\Administrator\.m2\repository\io\cucumber\tag-expressions\5.0.1\tag-expressions-5.0.1.jar;C:\Users\Administrator\.m2\repository\io\cucumber\cucumber-expressions\16.1.2\cucumber-expressions-16.1.2.jar;C:\Users\Administrator\.m2\repository\io\cucumber\datatable\7.12.0\datatable-7.12.0.jar;C:\Users\Administrator\.m2\repository\io\cucumber\cucumber-plugin\7.12.0\cucumber-plugin-7.12.0.jar;C:\Users\Administrator\.m2\repository\io\cucumber\docstring\7.12.0\docstring-7.12.0.jar;C:\Users\Administrator\.m2\repository\io\cucumber\html-formatter\20.3.0\html-formatter-20.3.0.jar;C:\Users\Administrator\.m2\repository\io\cucumber\junit-xml-formatter\0.2.0\junit-xml-formatter-0.2.0.jar;C:\Users\Administrator\.m2\repository\io\cucumber\ci-environment\9.2.0\ci-environment-9.2.0.jar;C:\Users\Administrator\.m2\repository\org\apiguardian\apiguardian-api\1.1.2\apiguardian-api-1.1.2.jar;C:\Users\Administrator\.m2\repository\io\cucumber\cucumber-junit\7.12.0\cucumber-junit-7.12.0.jar;C:\Users\Administrator\.m2\repository\junit\junit\4.13.2\junit-4.13.2.jar;C:\Users\Administrator\.m2\repository\org\hamcrest\hamcrest-core\1.3\hamcrest-core-1.3.jar;C:\Users\Administrator\.m2\repository\org\seleniumhq\selenium\selenium-java\4.9.0\selenium-java-4.9.0.jar;C:\Users\Administrator\.m2\repository\org\seleniumhq\selenium\selenium-api\4.9.0\selenium-api-4.9.0.jar;C:\Users\Administrator\.m2\repository\org\seleniumhq\selenium\selenium-chrome-driver\4.9.0\selenium-chrome-driver-4.9.0.jar;C:\Users\Administrator\.m2\repository\com\google\auto\service\auto-service-annotations\1.0.1\auto-service-annotations-1.0.1.jar;C:\Users\Administrator\.m2\repository\com\google\auto\service\auto-service\1.0.1\auto-service-1.0.1.jar;C:\Users\Administrator\.m2\repository\com\google\auto\auto-common\1.2\auto-common-1.2.jar;C:\Users\Administrator\.m2\repository\org\seleniumhq\selenium\selenium-chromium-driver\4.9.0\selenium-chromium-driver-4.9.0.jar;C:\Users\Administrator\.m2\repository\org\seleniumhq\selenium\selenium-json\4.9.0\selenium-json-4.9.0.jar;C:\Users\Administrator\.m2\repository\org\seleniumhq\selenium\selenium-manager\4.9.0\selenium-manager-4.9.0.jar;C:\Users\Administrator\.m2\repository\org\seleniumhq\selenium\selenium-devtools-v110\4.9.0\selenium-devtools-v110-4.9.0.jar;C:\Users\Administrator\.m2\repository\org\seleniumhq\selenium\selenium-devtools-v111\4.9.0\selenium-devtools-v111-4.9.0.jar;C:\Users\Administrator\.m2\repository\org\seleniumhq\selenium\selenium-devtools-v112\4.9.0\selenium-devtools-v112-4.9.0.jar;C:\Users\Administrator\.m2\repository\org\seleniumhq\selenium\selenium-devtools-v85\4.9.0\selenium-devtools-v85-4.9.0.jar;C:\Users\Administrator\.m2\repository\org\seleniumhq\selenium\selenium-edge-driver\4.9.0\selenium-edge-driver-4.9.0.jar;C:\Users\Administrator\.m2\repository\org\seleniumhq\selenium\selenium-firefox-driver\4.9.0\selenium-firefox-driver-4.9.0.jar;C:\Users\Administrator\.m2\repository\org\seleniumhq\selenium\selenium-http\4.9.0\selenium-http-4.9.0.jar;C:\Users\Administrator\.m2\repository\dev\failsafe\failsafe\3.3.1\failsafe-3.3.1.jar;C:\Users\Administrator\.m2\repository\org\seleniumhq\selenium\selenium-ie-driver\4.9.0\selenium-ie-driver-4.9.0.jar;C:\Users\Administrator\.m2\repository\org\seleniumhq\selenium\selenium-remote-driver\4.9.0\selenium-remote-driver-4.9.0.jar;C:\Users\Administrator\.m2\repository\com\beust\jcommander\1.82\jcommander-1.82.jar;C:\Users\Administrator\.m2\repository\io\netty\netty-buffer\4.1.91.Final\netty-buffer-4.1.91.Final.jar;C:\Users\Administrator\.m2\repository\io\netty\netty-codec-http\4.1.91.Final\netty-codec-http-4.1.91.Final.jar;C:\Users\Administrator\.m2\repository\io\netty\netty-codec\4.1.91.Final\netty-codec-4.1.91.Final.jar;C:\Users\Administrator\.m2\repository\io\netty\netty-handler\4.1.91.Final\netty-handler-4.1.91.Final.jar;C:\Users\Administrator\.m2\repository\io\netty\netty-common\4.1.91.Final\netty-common-4.1.91.Final.jar;C:\Users\Administrator\.m2\repository\io\netty\netty-transport-classes-epoll\4.1.91.Final\netty-transport-classes-epoll-4.1.91.Final.jar;C:\Users\Administrator\.m2\repository\io\netty\netty-transport-classes-kqueue\4.1.91.Final\netty-transport-classes-kqueue-4.1.91.Final.jar;C:\Users\Administrator\.m2\repository\io\netty\netty-transport-native-epoll\4.1.91.Final\netty-transport-native-epoll-4.1.91.Final.jar;C:\Users\Administrator\.m2\repository\io\netty\netty-transport-native-kqueue\4.1.91.Final\netty-transport-native-kqueue-4.1.91.Final.jar;C:\Users\Administrator\.m2\repository\io\netty\netty-transport-native-unix-common\4.1.91.Final\netty-transport-native-unix-common-4.1.91.Final.jar;C:\Users\Administrator\.m2\repository\io\netty\netty-transport\4.1.91.Final\netty-transport-4.1.91.Final.jar;C:\Users\Administrator\.m2\repository\io\netty\netty-resolver\4.1.91.Final\netty-resolver-4.1.91.Final.jar;C:\Users\Administrator\.m2\repository\io\opentelemetry\opentelemetry-api\1.25.0\opentelemetry-api-1.25.0.jar;C:\Users\Administrator\.m2\repository\io\opentelemetry\opentelemetry-context\1.25.0\opentelemetry-context-1.25.0.jar;C:\Users\Administrator\.m2\repository\io\opentelemetry\opentelemetry-exporter-logging\1.25.0\opentelemetry-exporter-logging-1.25.0.jar;C:\Users\Administrator\.m2\repository\io\opentelemetry\opentelemetry-sdk-metrics\1.25.0\opentelemetry-sdk-metrics-1.25.0.jar;C:\Users\Administrator\.m2\repository\io\opentelemetry\opentelemetry-sdk-logs\1.25.0-alpha\opentelemetry-sdk-logs-1.25.0-alpha.jar;C:\Users\Administrator\.m2\repository\io\opentelemetry\opentelemetry-api-logs\1.25.0-alpha\opentelemetry-api-logs-1.25.0-alpha.jar;C:\Users\Administrator\.m2\repository\io\opentelemetry\opentelemetry-api-events\1.25.0-alpha\opentelemetry-api-events-1.25.0-alpha.jar;C:\Users\Administrator\.m2\repository\io\opentelemetry\opentelemetry-sdk-common\1.25.0\opentelemetry-sdk-common-1.25.0.jar;C:\Users\Administrator\.m2\repository\io\opentelemetry\opentelemetry-sdk-extension-autoconfigure-spi\1.25.0\opentelemetry-sdk-extension-autoconfigure-spi-1.25.0.jar;C:\Users\Administrator\.m2\repository\io\opentelemetry\opentelemetry-sdk-extension-autoconfigure\1.25.0-alpha\opentelemetry-sdk-extension-autoconfigure-1.25.0-alpha.jar;C:\Users\Administrator\.m2\repository\io\opentelemetry\opentelemetry-sdk-trace\1.25.0\opentelemetry-sdk-trace-1.25.0.jar;C:\Users\Administrator\.m2\repository\io\opentelemetry\opentelemetry-sdk\1.25.0\opentelemetry-sdk-1.25.0.jar;C:\Users\Administrator\.m2\repository\io\opentelemetry\opentelemetry-semconv\1.25.0-alpha\opentelemetry-semconv-1.25.0-alpha.jar;C:\Users\Administrator\.m2\repository\io\ous\jtoml\2.0.0\jtoml-2.0.0.jar;C:\Users\Administrator\.m2\repository\net\bytebuddy\byte-buddy\1.14.4\byte-buddy-1.14.4.jar;C:\Users\Administrator\.m2\repository\org\apache\commons\commons-exec\1.3\commons-exec-1.3.jar;C:\Users\Administrator\.m2\repository\org\asynchttpclient\async-http-client\2.12.3\async-http-client-2.12.3.jar;C:\Users\Administrator\.m2\repository\org\asynchttpclient\async-http-client-netty-utils\2.12.3\async-http-client-netty-utils-2.12.3.jar;C:\Users\Administrator\.m2\repository\io\netty\netty-codec-socks\4.1.60.Final\netty-codec-socks-4.1.60.Final.jar;C:\Users\Administrator\.m2\repository\io\netty\netty-handler-proxy\4.1.60.Final\netty-handler-proxy-4.1.60.Final.jar;C:\Users\Administrator\.m2\repository\io\netty\netty-transport-native-epoll\4.1.60.Final\netty-transport-native-epoll-4.1.60.Final-linux-x86_64.jar;C:\Users\Administrator\.m2\repository\io\netty\netty-transport-native-kqueue\4.1.60.Final\netty-transport-native-kqueue-4.1.60.Final-osx-x86_64.jar;C:\Users\Administrator\.m2\repository\org\reactivestreams\reactive-streams\1.0.3\reactive-streams-1.0.3.jar;C:\Users\Administrator\.m2\repository\com\typesafe\netty\netty-reactive-streams\2.0.4\netty-reactive-streams-2.0.4.jar;C:\Users\Administrator\.m2\repository\com\sun\activation\jakarta.activation\1.2.2\jakarta.activation-1.2.2.jar;C:\Users\Administrator\.m2\repository\org\seleniumhq\selenium\selenium-safari-driver\4.9.0\selenium-safari-driver-4.9.0.jar;C:\Users\Administrator\.m2\repository\org\seleniumhq\selenium\selenium-support\4.9.0\selenium-support-4.9.0.jar;C:\Users\Administrator\.m2\repository\com\google\guava\guava\31.0.1-jre\guava-31.0.1-jre.jar;C:\Users\Administrator\.m2\repository\com\google\guava\failureaccess\1.0.1\failureaccess-1.0.1.jar;C:\Users\Administrator\.m2\repository\com\google\guava\listenablefuture\9999.0-empty-to-avoid-conflict-with-guava\listenablefuture-9999.0-empty-to-avoid-conflict-with-guava.jar;C:\Users\Administrator\.m2\repository\com\google\code\findbugs\jsr305\3.0.2\jsr305-3.0.2.jar;C:\Users\Administrator\.m2\repository\org\checkerframework\checker-qual\3.12.0\checker-qual-3.12.0.jar;C:\Users\Administrator\.m2\repository\com\google\errorprone\error_prone_annotations\2.7.1\error_prone_annotations-2.7.1.jar;C:\Users\Administrator\.m2\repository\com\google\j2objc\j2objc-annotations\1.3\j2objc-annotations-1.3.jar;C:\Users\Administrator\.m2\repository\net\masterthought\cucumber-reporting\5.6.1\cucumber-reporting-5.6.1.jar;C:\Users\Administrator\.m2\repository\com\fasterxml\jackson\core\jackson-databind\2.12.1\jackson-databind-2.12.1.jar;C:\Users\Administrator\.m2\repository\com\fasterxml\jackson\core\jackson-annotations\2.12.1\jackson-annotations-2.12.1.jar;C:\Users\Administrator\.m2\repository\com\fasterxml\jackson\core\jackson-core\2.12.1\jackson-core-2.12.1.jar;C:\Users\Administrator\.m2\repository\com\fasterxml\jackson\datatype\jackson-datatype-jsr310\2.12.1\jackson-datatype-jsr310-2.12.1.jar;C:\Users\Administrator\.m2\repository\org\apache\velocity\velocity-engine-core\2.3\velocity-engine-core-2.3.jar;C:\Users\Administrator\.m2\repository\org\slf4j\slf4j-api\1.7.30\slf4j-api-1.7.30.jar;C:\Users\Administrator\.m2\repository\commons-collections\commons-collections\3.2.2\commons-collections-3.2.2.jar;C:\Users\Administrator\.m2\repository\joda-time\joda-time\2.10.10\joda-time-2.10.10.jar;C:\Users\Administrator\.m2\repository\org\apache\commons\commons-lang3\3.12.0\commons-lang3-3.12.0.jar;C:\Users\Administrator\.m2\repository\commons-io\commons-io\2.7\commons-io-2.7.jar;C:\Users\Administrator\.m2\repository\org\codehaus\plexus\plexus-utils\3.3.0\plexus-utils-3.3.0.jar;C:\Users\Administrator\.m2\repository\org\jsoup\jsoup\1.14.2\jsoup-1.14.2.jar;C:\Users\Administrator\.m2\repository\com\googlecode\owasp-java-html-sanitizer\owasp-java-html-sanitizer\20211018.2\owasp-java-html-sanitizer-20211018.2.jar;C:\Users\Administrator\.m2\repository\commons-configuration\commons-configuration\1.10\commons-configuration-1.10.jar;C:\Users\Administrator\.m2\repository\commons-lang\commons-lang\2.6\commons-lang-2.6.jar;C:\Users\Administrator\.m2\repository\commons-logging\commons-logging\1.1.1\commons-logging-1.1.1.jar;"/>
    <property name="java.vm.vendor" value="Oracle Corporation"/>
    <property name="sun.arch.data.model" value="64"/>
    <property name="user.variant" value=""/>
    <property name="java.vendor.url" value="https://java.oracle.com/"/>
    <property name="user.timezone" value="Asia/Calcutta"/>
    <property name="os.name" value="Windows 10"/>
    <property name="java.vm.specification.version" value="17"/>
    <property name="sun.java.launcher" value="SUN_STANDARD"/>
    <property name="user.country" value="US"/>
    <property name="sun.boot.library.path" value="C:\Program Files\Java\jdk-17\bin"/>
    <property name="sun.java.command" value="C:\Users\Administrator\AppData\Local\Temp\surefire5053769316341624\surefirebooter-20230505131139348_3.jar C:\Users\Administrator\AppData\Local\Temp\surefire5053769316341624 2023-05-05T13-11-39_085-jvmRun1 surefire-20230505131139348_1tmp surefire_0-20230505131139348_2tmp"/>
    <property name="jdk.debug" value="release"/>
    <property name="surefire.test.class.path" value="C:\Users\Administrator\eclipse-workspace\NewMavenProject\target\test-classes;C:\Users\Administrator\eclipse-workspace\NewMavenProject\target\classes;C:\Users\Administrator\.m2\repository\io\cucumber\cucumber-java\7.12.0\cucumber-java-7.12.0.jar;C:\Users\Administrator\.m2\repository\io\cucumber\cucumber-core\7.12.0\cucumber-core-7.12.0.jar;C:\Users\Administrator\.m2\repository\io\cucumber\cucumber-gherkin\7.12.0\cucumber-gherkin-7.12.0.jar;C:\Users\Administrator\.m2\repository\io\cucumber\cucumber-gherkin-messages\7.12.0\cucumber-gherkin-messages-7.12.0.jar;C:\Users\Administrator\.m2\repository\io\cucumber\gherkin\26.2.0\gherkin-26.2.0.jar;C:\Users\Administrator\.m2\repository\io\cucumber\messages\22.0.0\messages-22.0.0.jar;C:\Users\Administrator\.m2\repository\io\cucumber\tag-expressions\5.0.1\tag-expressions-5.0.1.jar;C:\Users\Administrator\.m2\repository\io\cucumber\cucumber-expressions\16.1.2\cucumber-expressions-16.1.2.jar;C:\Users\Administrator\.m2\repository\io\cucumber\datatable\7.12.0\datatable-7.12.0.jar;C:\Users\Administrator\.m2\repository\io\cucumber\cucumber-plugin\7.12.0\cucumber-plugin-7.12.0.jar;C:\Users\Administrator\.m2\repository\io\cucumber\docstring\7.12.0\docstring-7.12.0.jar;C:\Users\Administrator\.m2\repository\io\cucumber\html-formatter\20.3.0\html-formatter-20.3.0.jar;C:\Users\Administrator\.m2\repository\io\cucumber\junit-xml-formatter\0.2.0\junit-xml-formatter-0.2.0.jar;C:\Users\Administrator\.m2\repository\io\cucumber\ci-environment\9.2.0\ci-environment-9.2.0.jar;C:\Users\Administrator\.m2\repository\org\apiguardian\apiguardian-api\1.1.2\apiguardian-api-1.1.2.jar;C:\Users\Administrator\.m2\repository\io\cucumber\cucumber-junit\7.12.0\cucumber-junit-7.12.0.jar;C:\Users\Administrator\.m2\repository\junit\junit\4.13.2\junit-4.13.2.jar;C:\Users\Administrator\.m2\repository\org\hamcrest\hamcrest-core\1.3\hamcrest-core-1.3.jar;C:\Users\Administrator\.m2\repository\org\seleniumhq\selenium\selenium-java\4.9.0\selenium-java-4.9.0.jar;C:\Users\Administrator\.m2\repository\org\seleniumhq\selenium\selenium-api\4.9.0\selenium-api-4.9.0.jar;C:\Users\Administrator\.m2\repository\org\seleniumhq\selenium\selenium-chrome-driver\4.9.0\selenium-chrome-driver-4.9.0.jar;C:\Users\Administrator\.m2\repository\com\google\auto\service\auto-service-annotations\1.0.1\auto-service-annotations-1.0.1.jar;C:\Users\Administrator\.m2\repository\com\google\auto\service\auto-service\1.0.1\auto-service-1.0.1.jar;C:\Users\Administrator\.m2\repository\com\google\auto\auto-common\1.2\auto-common-1.2.jar;C:\Users\Administrator\.m2\repository\org\seleniumhq\selenium\selenium-chromium-driver\4.9.0\selenium-chromium-driver-4.9.0.jar;C:\Users\Administrator\.m2\repository\org\seleniumhq\selenium\selenium-json\4.9.0\selenium-json-4.9.0.jar;C:\Users\Administrator\.m2\repository\org\seleniumhq\selenium\selenium-manager\4.9.0\selenium-manager-4.9.0.jar;C:\Users\Administrator\.m2\repository\org\seleniumhq\selenium\selenium-devtools-v110\4.9.0\selenium-devtools-v110-4.9.0.jar;C:\Users\Administrator\.m2\repository\org\seleniumhq\selenium\selenium-devtools-v111\4.9.0\selenium-devtools-v111-4.9.0.jar;C:\Users\Administrator\.m2\repository\org\seleniumhq\selenium\selenium-devtools-v112\4.9.0\selenium-devtools-v112-4.9.0.jar;C:\Users\Administrator\.m2\repository\org\seleniumhq\selenium\selenium-devtools-v85\4.9.0\selenium-devtools-v85-4.9.0.jar;C:\Users\Administrator\.m2\repository\org\seleniumhq\selenium\selenium-edge-driver\4.9.0\selenium-edge-driver-4.9.0.jar;C:\Users\Administrator\.m2\repository\org\seleniumhq\selenium\selenium-firefox-driver\4.9.0\selenium-firefox-driver-4.9.0.jar;C:\Users\Administrator\.m2\repository\org\seleniumhq\selenium\selenium-http\4.9.0\selenium-http-4.9.0.jar;C:\Users\Administrator\.m2\repository\dev\failsafe\failsafe\3.3.1\failsafe-3.3.1.jar;C:\Users\Administrator\.m2\repository\org\seleniumhq\selenium\selenium-ie-driver\4.9.0\selenium-ie-driver-4.9.0.jar;C:\Users\Administrator\.m2\repository\org\seleniumhq\selenium\selenium-remote-driver\4.9.0\selenium-remote-driver-4.9.0.jar;C:\Users\Administrator\.m2\repository\com\beust\jcommander\1.82\jcommander-1.82.jar;C:\Users\Administrator\.m2\repository\io\netty\netty-buffer\4.1.91.Final\netty-buffer-4.1.91.Final.jar;C:\Users\Administrator\.m2\repository\io\netty\netty-codec-http\4.1.91.Final\netty-codec-http-4.1.91.Final.jar;C:\Users\Administrator\.m2\repository\io\netty\netty-codec\4.1.91.Final\netty-codec-4.1.91.Final.jar;C:\Users\Administrator\.m2\repository\io\netty\netty-handler\4.1.91.Final\netty-handler-4.1.91.Final.jar;C:\Users\Administrator\.m2\repository\io\netty\netty-common\4.1.91.Final\netty-common-4.1.91.Final.jar;C:\Users\Administrator\.m2\repository\io\netty\netty-transport-classes-epoll\4.1.91.Final\netty-transport-classes-epoll-4.1.91.Final.jar;C:\Users\Administrator\.m2\repository\io\netty\netty-transport-classes-kqueue\4.1.91.Final\netty-transport-classes-kqueue-4.1.91.Final.jar;C:\Users\Administrator\.m2\repository\io\netty\netty-transport-native-epoll\4.1.91.Final\netty-transport-native-epoll-4.1.91.Final.jar;C:\Users\Administrator\.m2\repository\io\netty\netty-transport-native-kqueue\4.1.91.Final\netty-transport-native-kqueue-4.1.91.Final.jar;C:\Users\Administrator\.m2\repository\io\netty\netty-transport-native-unix-common\4.1.91.Final\netty-transport-native-unix-common-4.1.91.Final.jar;C:\Users\Administrator\.m2\repository\io\netty\netty-transport\4.1.91.Final\netty-transport-4.1.91.Final.jar;C:\Users\Administrator\.m2\repository\io\netty\netty-resolver\4.1.91.Final\netty-resolver-4.1.91.Final.jar;C:\Users\Administrator\.m2\repository\io\opentelemetry\opentelemetry-api\1.25.0\opentelemetry-api-1.25.0.jar;C:\Users\Administrator\.m2\repository\io\opentelemetry\opentelemetry-context\1.25.0\opentelemetry-context-1.25.0.jar;C:\Users\Administrator\.m2\repository\io\opentelemetry\opentelemetry-exporter-logging\1.25.0\opentelemetry-exporter-logging-1.25.0.jar;C:\Users\Administrator\.m2\repository\io\opentelemetry\opentelemetry-sdk-metrics\1.25.0\opentelemetry-sdk-metrics-1.25.0.jar;C:\Users\Administrator\.m2\repository\io\opentelemetry\opentelemetry-sdk-logs\1.25.0-alpha\opentelemetry-sdk-logs-1.25.0-alpha.jar;C:\Users\Administrator\.m2\repository\io\opentelemetry\opentelemetry-api-logs\1.25.0-alpha\opentelemetry-api-logs-1.25.0-alpha.jar;C:\Users\Administrator\.m2\repository\io\opentelemetry\opentelemetry-api-events\1.25.0-alpha\opentelemetry-api-events-1.25.0-alpha.jar;C:\Users\Administrator\.m2\repository\io\opentelemetry\opentelemetry-sdk-common\1.25.0\opentelemetry-sdk-common-1.25.0.jar;C:\Users\Administrator\.m2\repository\io\opentelemetry\opentelemetry-sdk-extension-autoconfigure-spi\1.25.0\opentelemetry-sdk-extension-autoconfigure-spi-1.25.0.jar;C:\Users\Administrator\.m2\repository\io\opentelemetry\opentelemetry-sdk-extension-autoconfigure\1.25.0-alpha\opentelemetry-sdk-extension-autoconfigure-1.25.0-alpha.jar;C:\Users\Administrator\.m2\repository\io\opentelemetry\opentelemetry-sdk-trace\1.25.0\opentelemetry-sdk-trace-1.25.0.jar;C:\Users\Administrator\.m2\repository\io\opentelemetry\opentelemetry-sdk\1.25.0\opentelemetry-sdk-1.25.0.jar;C:\Users\Administrator\.m2\repository\io\opentelemetry\opentelemetry-semconv\1.25.0-alpha\opentelemetry-semconv-1.25.0-alpha.jar;C:\Users\Administrator\.m2\repository\io\ous\jtoml\2.0.0\jtoml-2.0.0.jar;C:\Users\Administrator\.m2\repository\net\bytebuddy\byte-buddy\1.14.4\byte-buddy-1.14.4.jar;C:\Users\Administrator\.m2\repository\org\apache\commons\commons-exec\1.3\commons-exec-1.3.jar;C:\Users\Administrator\.m2\repository\org\asynchttpclient\async-http-client\2.12.3\async-http-client-2.12.3.jar;C:\Users\Administrator\.m2\repository\org\asynchttpclient\async-http-client-netty-utils\2.12.3\async-http-client-netty-utils-2.12.3.jar;C:\Users\Administrator\.m2\repository\io\netty\netty-codec-socks\4.1.60.Final\netty-codec-socks-4.1.60.Final.jar;C:\Users\Administrator\.m2\repository\io\netty\netty-handler-proxy\4.1.60.Final\netty-handler-proxy-4.1.60.Final.jar;C:\Users\Administrator\.m2\repository\io\netty\netty-transport-native-epoll\4.1.60.Final\netty-transport-native-epoll-4.1.60.Final-linux-x86_64.jar;C:\Users\Administrator\.m2\repository\io\netty\netty-transport-native-kqueue\4.1.60.Final\netty-transport-native-kqueue-4.1.60.Final-osx-x86_64.jar;C:\Users\Administrator\.m2\repository\org\reactivestreams\reactive-streams\1.0.3\reactive-streams-1.0.3.jar;C:\Users\Administrator\.m2\repository\com\typesafe\netty\netty-reactive-streams\2.0.4\netty-reactive-streams-2.0.4.jar;C:\Users\Administrator\.m2\repository\com\sun\activation\jakarta.activation\1.2.2\jakarta.activation-1.2.2.jar;C:\Users\Administrator\.m2\repository\org\seleniumhq\selenium\selenium-safari-driver\4.9.0\selenium-safari-driver-4.9.0.jar;C:\Users\Administrator\.m2\repository\org\seleniumhq\selenium\selenium-support\4.9.0\selenium-support-4.9.0.jar;C:\Users\Administrator\.m2\repository\com\google\guava\guava\31.0.1-jre\guava-31.0.1-jre.jar;C:\Users\Administrator\.m2\repository\com\google\guava\failureaccess\1.0.1\failureaccess-1.0.1.jar;C:\Users\Administrator\.m2\repository\com\google\guava\listenablefuture\9999.0-empty-to-avoid-conflict-with-guava\listenablefuture-9999.0-empty-to-avoid-conflict-with-guava.jar;C:\Users\Administrator\.m2\repository\com\google\code\findbugs\jsr305\3.0.2\jsr305-3.0.2.jar;C:\Users\Administrator\.m2\repository\org\checkerframework\checker-qual\3.12.0\checker-qual-3.12.0.jar;C:\Users\Administrator\.m2\repository\com\google\errorprone\error_prone_annotations\2.7.1\error_prone_annotations-2.7.1.jar;C:\Users\Administrator\.m2\repository\com\google\j2objc\j2objc-annotations\1.3\j2objc-annotations-1.3.jar;C:\Users\Administrator\.m2\repository\net\masterthought\cucumber-reporting\5.6.1\cucumber-reporting-5.6.1.jar;C:\Users\Administrator\.m2\repository\com\fasterxml\jackson\core\jackson-databind\2.12.1\jackson-databind-2.12.1.jar;C:\Users\Administrator\.m2\repository\com\fasterxml\jackson\core\jackson-annotations\2.12.1\jackson-annotations-2.12.1.jar;C:\Users\Administrator\.m2\repository\com\fasterxml\jackson\core\jackson-core\2.12.1\jackson-core-2.12.1.jar;C:\Users\Administrator\.m2\repository\com\fasterxml\jackson\datatype\jackson-datatype-jsr310\2.12.1\jackson-datatype-jsr310-2.12.1.jar;C:\Users\Administrator\.m2\repository\org\apache\velocity\velocity-engine-core\2.3\velocity-engine-core-2.3.jar;C:\Users\Administrator\.m2\repository\org\slf4j\slf4j-api\1.7.30\slf4j-api-1.7.30.jar;C:\Users\Administrator\.m2\repository\commons-collections\commons-collections\3.2.2\commons-collections-3.2.2.jar;C:\Users\Administrator\.m2\repository\joda-time\joda-time\2.10.10\joda-time-2.10.10.jar;C:\Users\Administrator\.m2\repository\org\apache\commons\commons-lang3\3.12.0\commons-lang3-3.12.0.jar;C:\Users\Administrator\.m2\repository\commons-io\commons-io\2.7\commons-io-2.7.jar;C:\Users\Administrator\.m2\repository\org\codehaus\plexus\plexus-utils\3.3.0\plexus-utils-3.3.0.jar;C:\Users\Administrator\.m2\repository\org\jsoup\jsoup\1.14.2\jsoup-1.14.2.jar;C:\Users\Administrator\.m2\repository\com\googlecode\owasp-java-html-sanitizer\owasp-java-html-sanitizer\20211018.2\owasp-java-html-sanitizer-20211018.2.jar;C:\Users\Administrator\.m2\repository\commons-configuration\commons-configuration\1.10\commons-configuration-1.10.jar;C:\Users\Administrator\.m2\repository\commons-lang\commons-lang\2.6\commons-lang-2.6.jar;C:\Users\Administrator\.m2\repository\commons-logging\commons-logging\1.1.1\commons-logging-1.1.1.jar;"/>
    <property name="sun.cpu.endian" value="little"/>
    <property name="user.home" value="C:\Users\Administrator"/>
    <property name="user.language" value="en"/>
    <property name="java.specification.vendor" value="Oracle Corporation"/>
    <property name="java.version.date" value="2023-01-17"/>
    <property name="java.home" value="C:\Program Files\Java\jdk-17"/>
    <property name="file.separator" value="\"/>
    <property name="style.color" value="always"/>
    <property name="basedir" value="C:\Users\Administrator\eclipse-workspace\NewMavenProject"/>
    <property name="java.vm.compressedOopsMode" value="32-bit"/>
    <property name="line.separator" value="&#10;"/>
    <property name="java.vm.specification.vendor" value="Oracle Corporation"/>
    <property name="java.specification.name" value="Java Platform API Specification"/>
    <property name="surefire.real.class.path" value="C:\Users\Administrator\AppData\Local\Temp\surefire5053769316341624\surefirebooter-20230505131139348_3.jar"/>
    <property name="user.script" value=""/>
    <property name="sun.management.compiler" value="HotSpot 64-Bit Tiered Compilers"/>
    <property name="java.runtime.version" value="17.0.6+9-LTS-190"/>
    <property name="user.name" value="Administrator"/>
    <property name="path.separator" value=";"/>
    <property name="os.version" value="10.0"/>
    <property name="java.runtime.name" value="Java(TM) SE Runtime Environment"/>
    <property name="file.encoding" value="Cp1252"/>
    <property name="java.vm.name" value="Java HotSpot(TM) 64-Bit Server VM"/>
    <property name="localRepository" value="C:\Users\Administrator\.m2\repository"/>
    <property name="java.vendor.url.bug" value="https://bugreport.java.com/bugreport/"/>
    <property name="java.io.tmpdir" value="C:\Users\ADMINI~1\AppData\Local\Temp\"/>
    <property name="java.version" value="17.0.6"/>
    <property name="user.dir" value="C:\Users\Administrator\eclipse-workspace\NewMavenProject"/>
    <property name="os.arch" value="amd64"/>
    <property name="java.vm.specification.name" value="Java Virtual Machine Specification"/>
    <property name="sun.os.patch.level" value=""/>
    <property name="native.encoding" value="Cp1252"/>
    <property name="java.library.path" value="C:\Program Files\Java\jdk-17\bin;C:\Windows\Sun\Java\bin;C:\Windows\system32;C:\Windows;C:\Program Files\Common Files\Oracle\Java\javapath;C:\Windows\system32;C:\Windows;C:\Windows\System32\Wbem;C:\Windows\System32\WindowsPowerShell\v1.0\;C:\Windows\System32\OpenSSH\;C:\Software\apache-maven-3.9.1-bin\apache-maven-3.9.1\bin;C:\Program Files\Java\jdk-17\bin;C:\Program Files\Git\cmd;C:\Users\Administrator\AppData\Local\Android\Sdk\platform-tools;C:\Users\Administrator\AppData\Local\Android\Sdk\tools;C:\Program Files\nodejs\;C:\Users\Administrator\AppData\Local\Microsoft\WindowsApps;C:\Users\Administrator\AppData\Roaming\npm;."/>
    <property name="java.vm.info" value="mixed mode, sharing"/>
    <property name="java.vendor" value="Oracle Corporation"/>
    <property name="java.vm.version" value="17.0.6+9-LTS-190"/>
    <property name="sun.io.unicode.encoding" value="UnicodeLittle"/>
    <property name="java.class.version" value="61.0"/>
  </properties>
  <testcase name="Verify the login using valid username and invalid password" classname="Verify the Hotel booking in Adactin" time="8.643">
    <system-out><![CDATA[
Scenario: Verify the login using valid username and invalid password &amp#27;[90m# src/test/resources/FeatureFile/Adactin.feature:3&amp#27;[0m
  &amp#27;[32mGiven &amp#27;[0m&amp#27;[32mUser is on Adactin login page&amp#27;[0m                                &amp#27;[90m# com.step.StepDef.user_is_on_adactin_login_page()&amp#27;[0m
  &amp#27;[32mWhen &amp#27;[0m&amp#27;[32mUser enters &amp#27;[0m&amp#27;[32m&amp#27;[1m"Rakeshg6199"&amp#27;[0m&amp#27;[32m and &amp#27;[0m&amp#27;[32m&amp#27;[1m"Rakesh123"&amp#27;[0m                     &amp#27;[90m# com.step.StepDef.user_enters_and(java.lang.String,java.lang.String)&amp#27;[0m
  &amp#27;[32mAnd &amp#27;[0m&amp#27;[32mUser Clicks on login button&amp#27;[0m                                    &amp#27;[90m# com.step.StepDef.user_clicks_on_login_button()&amp#27;[0m
Launched
  &amp#27;[32mThen &amp#27;[0m&amp#27;[32mUser sees Search Hotel page&amp#27;[0m                                   &amp#27;[90m# com.step.StepDef.user_sees_search_hotel_page()&amp#27;[0m
]]></system-out>
    <system-err><![CDATA[SLF4J: Failed to load class "org.slf4j.impl.StaticLoggerBinder".
SLF4J: Defaulting to no-operation (NOP) logger implementation
SLF4J: See http://www.slf4j.org/codes.html#StaticLoggerBinder for further details.
Starting ChromeDriver 111.0.5563.64 (c710e93d5b63b7095afe8c2c17df34408078439d-refs/branch-heads/5563@{#995}) on port 35773
Only local connections are allowed.
Please see https://chromedriver.chromium.org/security-considerations for suggestions on keeping ChromeDriver safe.
ChromeDriver was started successfully.
[1683272504.224][WARNING]: This version of ChromeDriver has not been tested with Chrome version 112.
]]></system-err>
  </testcase>
  <testcase name="User Search for the hotel" classname="Verify the Hotel booking in Adactin" time="3.217">
    <system-out><![CDATA[
Scenario: User Search for the hotel                                     &amp#27;[90m# src/test/resources/FeatureFile/Adactin.feature:13&amp#27;[0m
Search page
  &amp#27;[32mGiven &amp#27;[0m&amp#27;[32mUser is on search page&amp#27;[0m                                          &amp#27;[90m# com.step.StepDef.user_is_on_search_page()&amp#27;[0m
  &amp#27;[32mWhen &amp#27;[0m&amp#27;[32mUser selects &amp#27;[0m&amp#27;[32m&amp#27;[1m"Melbourne"&amp#27;[0m&amp#27;[32m location&amp#27;[0m                                &amp#27;[90m# com.step.StepDef.user_selects_location(java.lang.String)&amp#27;[0m
  &amp#27;[32mAnd &amp#27;[0m&amp#27;[32mUser selects &amp#27;[0m&amp#27;[32m&amp#27;[1m"Hotel Sunshine"&amp#27;[0m&amp#27;[32m hotels&amp#27;[0m                              &amp#27;[90m# com.step.StepDef.user_selects_hotels(java.lang.String)&amp#27;[0m
  &amp#27;[32mAnd &amp#27;[0m&amp#27;[32mUser selects &amp#27;[0m&amp#27;[32m&amp#27;[1m"Double"&amp#27;[0m&amp#27;[32m room type&amp#27;[0m                                   &amp#27;[90m# com.step.StepDef.user_selects_room_type(java.lang.String)&amp#27;[0m
  &amp#27;[32mAnd &amp#27;[0m&amp#27;[32mUser selects &amp#27;[0m&amp#27;[32m&amp#27;[1m"3 - Three"&amp#27;[0m&amp#27;[32m of rooms&amp#27;[0m                                 &amp#27;[90m# com.step.StepDef.user_selects_of_rooms(java.lang.String)&amp#27;[0m
  &amp#27;[32mAnd &amp#27;[0m&amp#27;[32mUser enters &amp#27;[0m&amp#27;[32m&amp#27;[1m"06/05/2023"&amp#27;[0m&amp#27;[32m check-In and &amp#27;[0m&amp#27;[32m&amp#27;[1m"08/05/2023"&amp#27;[0m&amp#27;[32m Check-out date&amp#27;[0m &amp#27;[90m# com.step.StepDef.user_enters_check_in_and_check_out_date(java.lang.String,java.lang.String)&amp#27;[0m
  &amp#27;[32mAnd &amp#27;[0m&amp#27;[32mUser selects &amp#27;[0m&amp#27;[32m&amp#27;[1m"3 - Three"&amp#27;[0m&amp#27;[32m adults and children &amp#27;[0m&amp#27;[32m&amp#27;[1m"2 - Two"&amp#27;[0m&amp#27;[32m per room&amp#27;[0m   &amp#27;[90m# com.step.StepDef.user_selects_adults_and_children_per_room(java.lang.String,java.lang.String)&amp#27;[0m
  &amp#27;[32mAnd &amp#27;[0m&amp#27;[32mUser clicks on search button&amp#27;[0m                                      &amp#27;[90m# com.step.StepDef.user_clicks_on_search_button()&amp#27;[0m
USer sees select hotel page
  &amp#27;[32mThen &amp#27;[0m&amp#27;[32mUser should see select hotel page&amp#27;[0m                                &amp#27;[90m# com.step.StepDef.user_should_see_select_hotel_page()&amp#27;[0m
]]></system-out>
  </testcase>
  <testcase name="User Select for the hotel" classname="Verify the Hotel booking in Adactin" time="0.694">
    <system-out><![CDATA[
Scenario: User Select for the hotel        &amp#27;[90m# src/test/resources/FeatureFile/Adactin.feature:33&amp#27;[0m
User is on select page
  &amp#27;[32mGiven &amp#27;[0m&amp#27;[32mUser is on select page&amp#27;[0m             &amp#27;[90m# com.step.StepDef.user_is_on_select_page()&amp#27;[0m
  &amp#27;[32mWhen &amp#27;[0m&amp#27;[32mUser click on select hotel checkbox&amp#27;[0m &amp#27;[90m# com.step.StepDef.user_click_on_select_hotel_checkbox()&amp#27;[0m
  &amp#27;[32mAnd &amp#27;[0m&amp#27;[32mUser clicks continue button&amp#27;[0m          &amp#27;[90m# com.step.StepDef.user_clicks_continue_button()&amp#27;[0m
User is on book a  hotel page
  &amp#27;[32mThen &amp#27;[0m&amp#27;[32mUser sees book a hotel&amp#27;[0m              &amp#27;[90m# com.step.StepDef.user_sees_book_a_hotel()&amp#27;[0m
]]></system-out>
  </testcase>
  <testcase name="User books a hotel" classname="Verify the Hotel booking in Adactin" time="8.556">
    <system-out><![CDATA[
Scenario: User books a hotel                            &amp#27;[90m# src/test/resources/FeatureFile/Adactin.feature:43&amp#27;[0m
User is on book hotel page
  &amp#27;[32mGiven &amp#27;[0m&amp#27;[32mUser is on book hotel page&amp#27;[0m                      &amp#27;[90m# com.step.StepDef.user_is_on_book_hotel_page()&amp#27;[0m
  &amp#27;[32mWhen &amp#27;[0m&amp#27;[32mUser Enters &amp#27;[0m&amp#27;[32m&amp#27;[1m"Rakesh"&amp#27;[0m&amp#27;[32m first name&amp#27;[0m                  &amp#27;[90m# com.step.StepDef.user_enters_first_name(java.lang.String)&amp#27;[0m
  &amp#27;[32mAnd &amp#27;[0m&amp#27;[32mUser Enters &amp#27;[0m&amp#27;[32m&amp#27;[1m"Kumar"&amp#27;[0m&amp#27;[32m last name&amp#27;[0m                     &amp#27;[90m# com.step.StepDef.user_enters_last_name(java.lang.String)&amp#27;[0m
  &amp#27;[32mAnd &amp#27;[0m&amp#27;[32mUser Enters &amp#27;[0m&amp#27;[32m&amp#27;[1m"abc"&amp#27;[0m&amp#27;[32m address&amp#27;[0m                         &amp#27;[90m# com.step.StepDef.user_enters_address(java.lang.String)&amp#27;[0m
  &amp#27;[32mAnd &amp#27;[0m&amp#27;[32mUser Enters Credit card &amp#27;[0m&amp#27;[32m&amp#27;[1m"1234567891234567"&amp#27;[0m&amp#27;[32m number&amp#27;[0m &amp#27;[90m# com.step.StepDef.user_enters_credit_card_number(java.lang.String)&amp#27;[0m
  &amp#27;[32mAnd &amp#27;[0m&amp#27;[32mUser selects credit card &amp#27;[0m&amp#27;[32m&amp#27;[1m"Master Card"&amp#27;[0m&amp#27;[32m type&amp#27;[0m       &amp#27;[90m# com.step.StepDef.user_selects_credit_card_type(java.lang.String)&amp#27;[0m
  &amp#27;[32mAnd &amp#27;[0m&amp#27;[32mUser select expiry &amp#27;[0m&amp#27;[32m&amp#27;[1m"February"&amp#27;[0m&amp#27;[32m and &amp#27;[0m&amp#27;[32m&amp#27;[1m"2022"&amp#27;[0m          &amp#27;[90m# com.step.StepDef.user_select_expiry_and(java.lang.String,java.lang.String)&amp#27;[0m
  &amp#27;[32mAnd &amp#27;[0m&amp#27;[32mUser enters CVV &amp#27;[0m&amp#27;[32m&amp#27;[1m"123"&amp#27;[0m&amp#27;[32m Number&amp#27;[0m                      &amp#27;[90m# com.step.StepDef.user_enters_cvv_number(java.lang.String)&amp#27;[0m
  &amp#27;[32mAnd &amp#27;[0m&amp#27;[32mUser clicks book now button&amp#27;[0m                       &amp#27;[90m# com.step.StepDef.user_clicks_book_now_button()&amp#27;[0m
9C2PU40PWW
  &amp#27;[32mThen &amp#27;[0m&amp#27;[32mUser gets the order id&amp#27;[0m                           &amp#27;[90m# com.step.StepDef.user_gets_the_order_id()&amp#27;[0m
]]></system-out>
  </testcase>
</testsuite>